<?xml version="1.0" encoding="UTF-8"?><testsuite errors="1" failures="0" name="Partners  startups developers" skipped="0" tests="1" time="2.04" timestamp="2017-12-361 12:36:36"><testcase name="(/partners/startups-and-developers/) Verification for general page's elements"><error message="Could not instantiate class org.openqa.selenium.chrome.ChromeDriver" type="net.thucydides.core.webdriver.UnsupportedDriverException">Could not instantiate class org.openqa.selenium.chrome.ChromeDriver</error><system-err>Could not instantiate class org.openqa.selenium.chrome.ChromeDriver
com.tkmdpa.taf.steps.partners.Partners_StartupsDevelopersSteps.openPage(Partners_StartupsDevelopersSteps.java:14)
com.tkmdpa.taf.definitions.partners.Partners_StartupsDevelopersDefinition.openStartupsDevelopersPage(Partners_StartupsDevelopersDefinition.java:15)
</system-err></testcase></testsuite>