<?xml version="1.0" encoding="UTF-8"?><testsuite errors="1" failures="0" name="Blogs" skipped="0" tests="1" time="1.85" timestamp="2017-12-361 12:38:27"><testcase name="(/blogs/) Verification for general page's elements"><error message="Could not instantiate class org.openqa.selenium.chrome.ChromeDriver" type="net.thucydides.core.webdriver.UnsupportedDriverException">Could not instantiate class org.openqa.selenium.chrome.ChromeDriver</error><system-err>Could not instantiate class org.openqa.selenium.chrome.ChromeDriver
com.tkmdpa.taf.steps.site.BlogsSteps.openPage(BlogsSteps.java:14)
com.tkmdpa.taf.definitions.site.BlogsDefinition.openBlogsPage(BlogsDefinition.java:15)
</system-err></testcase></testsuite>