<?xml version="1.0" encoding="UTF-8"?><testsuite errors="1" failures="0" name="Partners  distribution partners" skipped="0" tests="1" time="1.28" timestamp="2017-12-361 12:36:29"><testcase name="(/partners/distribution-partners/) Verification for general page's elements"><error message="Could not instantiate class org.openqa.selenium.chrome.ChromeDriver" type="net.thucydides.core.webdriver.UnsupportedDriverException">Could not instantiate class org.openqa.selenium.chrome.ChromeDriver</error><system-err>Could not instantiate class org.openqa.selenium.chrome.ChromeDriver
com.tkmdpa.taf.steps.partners.Partners_DistributionPartnersSteps.openPage(Partners_DistributionPartnersSteps.java:14)
com.tkmdpa.taf.definitions.partners.Partners_DistributionPartnersDefinition.openDistributionPartnersPage(Partners_DistributionPartnersDefinition.java:15)
</system-err></testcase></testsuite>