<?xml version="1.0" encoding="UTF-8"?><testsuite errors="1" failures="0" name="Events" skipped="0" tests="1" time="1.5" timestamp="2017-12-361 12:38:29"><testcase name="(/events/) Verification for general page's elements"><error message="Could not instantiate class org.openqa.selenium.chrome.ChromeDriver" type="net.thucydides.core.webdriver.UnsupportedDriverException">Could not instantiate class org.openqa.selenium.chrome.ChromeDriver</error><system-err>Could not instantiate class org.openqa.selenium.chrome.ChromeDriver
com.tkmdpa.taf.steps.site.EventsSteps.openPage(EventsSteps.java:14)
com.tkmdpa.taf.definitions.site.EventsDefinition.openEventsPage(EventsDefinition.java:15)
</system-err></testcase></testsuite>