<?xml version="1.0" encoding="UTF-8"?><testsuite errors="1" failures="0" name="Support  partner API terms of use" skipped="0" tests="1" time="1.45" timestamp="2017-12-361 12:39:03"><testcase name="(/support/terms-of-use/partner/) Verification for general page's elements"><error message="Could not instantiate class org.openqa.selenium.chrome.ChromeDriver" type="net.thucydides.core.webdriver.UnsupportedDriverException">Could not instantiate class org.openqa.selenium.chrome.ChromeDriver</error><system-err>Could not instantiate class org.openqa.selenium.chrome.ChromeDriver
com.tkmdpa.taf.steps.support.Support_PartnerAPITermsOfUseSteps.openPage(Support_PartnerAPITermsOfUseSteps.java:14)
com.tkmdpa.taf.definitions.support.Support_PartnerAPITermsOfUseDefinition.givenOpenPartnerAPITermsOfUsePage(Support_PartnerAPITermsOfUseDefinition.java:15)
</system-err></testcase></testsuite>