<?xml version="1.0" encoding="UTF-8"?><testsuite errors="1" failures="0" name="Partners  certified partners" skipped="0" tests="1" time="1.49" timestamp="2017-12-361 12:36:27"><testcase name="(/partners/certified-partners/) Verification for general page's elements"><error message="Could not instantiate class org.openqa.selenium.chrome.ChromeDriver" type="net.thucydides.core.webdriver.UnsupportedDriverException">Could not instantiate class org.openqa.selenium.chrome.ChromeDriver</error><system-err>Could not instantiate class org.openqa.selenium.chrome.ChromeDriver
com.tkmdpa.taf.steps.partners.Partners_CertifiedPartnersSteps.openPage(Partners_CertifiedPartnersSteps.java:14)
com.tkmdpa.taf.definitions.partners.Partners_CertifiedPartnersDefinition.openCertifiedPartnersPage(Partners_CertifiedPartnersDefinition.java:15)
</system-err></testcase></testsuite>