<?xml version="1.0" encoding="UTF-8"?><testsuite errors="1" failures="0" name="PD  widget  countdown" skipped="0" tests="1" time="1.45" timestamp="2017-12-361 12:38:11"><testcase name="(/products-and-docs/widgets/countdown/) Verification for general page's elements"><error message="Could not instantiate class org.openqa.selenium.chrome.ChromeDriver" type="net.thucydides.core.webdriver.UnsupportedDriverException">Could not instantiate class org.openqa.selenium.chrome.ChromeDriver</error><system-err>Could not instantiate class org.openqa.selenium.chrome.ChromeDriver
com.tkmdpa.taf.steps.products_and_docs.PD_Widget_CountdownSteps.openPage(PD_Widget_CountdownSteps.java:20)
com.tkmdpa.taf.definitions.products_and_docs.PD_Widget_CountdownDefinition.openCountdownWidgetPage(PD_Widget_CountdownDefinition.java:17)
</system-err></testcase></testsuite>