<?xml version="1.0" encoding="UTF-8"?><testsuite errors="1" failures="0" name="Search" skipped="0" tests="1" time="1.38" timestamp="2017-12-361 12:38:51"><testcase name="(/search/) Verification for general page's elements"><error message="Could not instantiate class org.openqa.selenium.chrome.ChromeDriver" type="net.thucydides.core.webdriver.UnsupportedDriverException">Could not instantiate class org.openqa.selenium.chrome.ChromeDriver</error><system-err>Could not instantiate class org.openqa.selenium.chrome.ChromeDriver
com.tkmdpa.taf.steps.site.HomePageSteps.openPage(HomePageSteps.java:16)
com.tkmdpa.taf.definitions.site.HomePageDefinition.openHomePage(HomePageDefinition.java:27)
</system-err></testcase></testsuite>