<?xml version="1.0" encoding="UTF-8"?><testsuite errors="1" failures="0" name="PD  top picks API" skipped="0" tests="1" time="1.67" timestamp="2017-12-361 12:37:33"><testcase name="(/api-explorer/) Verification for general page's elements"><error message="Could not instantiate class org.openqa.selenium.chrome.ChromeDriver" type="net.thucydides.core.webdriver.UnsupportedDriverException">Could not instantiate class org.openqa.selenium.chrome.ChromeDriver</error><system-err>Could not instantiate class org.openqa.selenium.chrome.ChromeDriver
com.tkmdpa.taf.steps.products_and_docs.PD_TopPicksAPISteps.openPage(PD_TopPicksAPISteps.java:21)
com.tkmdpa.taf.definitions.products_and_docs.PD_TopPicksAPIDefinition.openTopPicksAPIPage(PD_TopPicksAPIDefinition.java:32)
</system-err></testcase></testsuite>