<?xml version="1.0" encoding="UTF-8"?><testsuite errors="6" failures="0" name="Calendar widget" skipped="0" tests="6" time="9.4" timestamp="2017-12-361 12:39:05"><testcase name="(/products-and-docs/widgets/calendar/) TECHNICAL TAB - Check that required fields are not empty"><error message="Could not instantiate class org.openqa.selenium.chrome.ChromeDriver" type="net.thucydides.core.webdriver.UnsupportedDriverException">Could not instantiate class org.openqa.selenium.chrome.ChromeDriver</error><system-err>Could not instantiate class org.openqa.selenium.chrome.ChromeDriver
com.tkmdpa.taf.steps.products_and_docs.PD_Widget_CalendarSteps.openPage(PD_Widget_CalendarSteps.java:17)
com.tkmdpa.taf.definitions.products_and_docs.PD_Widget_CalendarDefinition.openCalendarWidgetPage(PD_Widget_CalendarDefinition.java:17)
</system-err></testcase><testcase name="(/products-and-docs/widgets/calendar/) TECHNICAL TAB - Check that embed code functionality works properly"><error message="Could not instantiate class org.openqa.selenium.chrome.ChromeDriver" type="net.thucydides.core.webdriver.UnsupportedDriverException">Could not instantiate class org.openqa.selenium.chrome.ChromeDriver</error><system-err>Could not instantiate class org.openqa.selenium.chrome.ChromeDriver
com.tkmdpa.taf.steps.products_and_docs.PD_Widget_CalendarSteps.openPage(PD_Widget_CalendarSteps.java:17)
com.tkmdpa.taf.definitions.products_and_docs.PD_Widget_CalendarDefinition.openCalendarWidgetPage(PD_Widget_CalendarDefinition.java:17)
</system-err></testcase><testcase name="(/products-and-docs/widgets/calendar/) TECHNICAL TAB - Check RESET button functionality"><error message="Could not instantiate class org.openqa.selenium.chrome.ChromeDriver" type="net.thucydides.core.webdriver.UnsupportedDriverException">Could not instantiate class org.openqa.selenium.chrome.ChromeDriver</error><system-err>Could not instantiate class org.openqa.selenium.chrome.ChromeDriver
com.tkmdpa.taf.steps.products_and_docs.PD_Widget_CalendarSteps.openPage(PD_Widget_CalendarSteps.java:17)
com.tkmdpa.taf.definitions.products_and_docs.PD_Widget_CalendarDefinition.openCalendarWidgetPage(PD_Widget_CalendarDefinition.java:17)
</system-err></testcase><testcase name="(/products-and-docs/widgets/calendar/) Check RESET button functionality on Embedded Code Pop-up window"><error message="Could not instantiate class org.openqa.selenium.chrome.ChromeDriver" type="net.thucydides.core.webdriver.UnsupportedDriverException">Could not instantiate class org.openqa.selenium.chrome.ChromeDriver</error><system-err>Could not instantiate class org.openqa.selenium.chrome.ChromeDriver
com.tkmdpa.taf.steps.products_and_docs.PD_Widget_CalendarSteps.openPage(PD_Widget_CalendarSteps.java:17)
com.tkmdpa.taf.definitions.products_and_docs.PD_Widget_CalendarDefinition.openCalendarWidgetPage(PD_Widget_CalendarDefinition.java:17)
</system-err></testcase><testcase name="(/products-and-docs/widgets/calendar/) TECHNICAL TAB - Check links"><error message="Could not instantiate class org.openqa.selenium.chrome.ChromeDriver" type="net.thucydides.core.webdriver.UnsupportedDriverException">Could not instantiate class org.openqa.selenium.chrome.ChromeDriver</error><system-err>Could not instantiate class org.openqa.selenium.chrome.ChromeDriver
com.tkmdpa.taf.steps.products_and_docs.PD_Widget_CalendarSteps.openPage(PD_Widget_CalendarSteps.java:17)
com.tkmdpa.taf.definitions.products_and_docs.PD_Widget_CalendarDefinition.openCalendarWidgetPage(PD_Widget_CalendarDefinition.java:17)
</system-err></testcase><testcase name="(/products-and-docs/widgets/calendar/) Event message - Check event message for invalid API Key"><error message="Could not instantiate class org.openqa.selenium.chrome.ChromeDriver" type="net.thucydides.core.webdriver.UnsupportedDriverException">Could not instantiate class org.openqa.selenium.chrome.ChromeDriver</error><system-err>Could not instantiate class org.openqa.selenium.chrome.ChromeDriver
com.tkmdpa.taf.steps.products_and_docs.PD_Widget_CalendarSteps.openPage(PD_Widget_CalendarSteps.java:17)
com.tkmdpa.taf.definitions.products_and_docs.PD_Widget_CalendarDefinition.openCalendarWidgetPage(PD_Widget_CalendarDefinition.java:17)
</system-err></testcase></testsuite>