<?xml version="1.0" encoding="UTF-8"?><testsuite errors="1" failures="0" name="PD  tutorials  event search  search event in some location" skipped="0" tests="1" time="1.41" timestamp="2017-12-361 12:38:00"><testcase name="(/products-and-docs/tutorials/events-search/search_events_in_location_html) Verification for general page's elements"><error message="Could not instantiate class org.openqa.selenium.chrome.ChromeDriver" type="net.thucydides.core.webdriver.UnsupportedDriverException">Could not instantiate class org.openqa.selenium.chrome.ChromeDriver</error><system-err>Could not instantiate class org.openqa.selenium.chrome.ChromeDriver
com.tkmdpa.taf.steps.products_and_docs.PD_Tutorials_EventSearch_SearchEventInSomeLocationSteps.openPage(PD_Tutorials_EventSearch_SearchEventInSomeLocationSteps.java:14)
com.tkmdpa.taf.definitions.products_and_docs.PD_Tutorials_EventSearch_SearchEventInSomeLocationDefinition.openTutorialsEventSearchSearchEventInSomeLocationPage(PD_Tutorials_EventSearch_SearchEventInSomeLocationDefinition.java:15)
</system-err></testcase></testsuite>