<?xml version="1.0" encoding="UTF-8"?><testsuite errors="1" failures="0" name="Request new password" skipped="0" tests="1" time="1.63" timestamp="2017-12-361 12:36:05"><testcase name="(developer-acct.ticketmaster.com/user/password) Verification for general page's elements"><error message="Could not instantiate class org.openqa.selenium.chrome.ChromeDriver" type="net.thucydides.core.webdriver.UnsupportedDriverException">Could not instantiate class org.openqa.selenium.chrome.ChromeDriver</error><system-err>Could not instantiate class org.openqa.selenium.chrome.ChromeDriver
com.tkmdpa.taf.steps.site.HomePageSteps.openPage(HomePageSteps.java:16)
com.tkmdpa.taf.definitions.site.HomePageDefinition.openHomePage(HomePageDefinition.java:27)
</system-err></testcase></testsuite>