<?xml version="1.0" encoding="UTF-8"?><testsuite errors="1" failures="0" name="PD  widget  calendar" skipped="0" tests="1" time="1.29" timestamp="2017-12-361 12:38:10"><testcase name="(/products-and-docs/widgets/calendar/) [3.2.1.9 Disqus is present on calendar widget]"><error message="Could not instantiate class org.openqa.selenium.chrome.ChromeDriver" type="net.thucydides.core.webdriver.UnsupportedDriverException">Could not instantiate class org.openqa.selenium.chrome.ChromeDriver</error><system-err>Could not instantiate class org.openqa.selenium.chrome.ChromeDriver
com.tkmdpa.taf.steps.products_and_docs.PD_Widget_CalendarSteps.openPage(PD_Widget_CalendarSteps.java:17)
com.tkmdpa.taf.definitions.products_and_docs.PD_Widget_CalendarDefinition.openCalendarWidgetPage(PD_Widget_CalendarDefinition.java:17)
</system-err></testcase></testsuite>