<?xml version="1.0" encoding="UTF-8"?><testsuite errors="1" failures="0" name="PD" skipped="0" tests="1" time="1.76" timestamp="2017-12-361 12:36:38"><testcase name="(/support/) Verification for general page's elements"><error message="Could not instantiate class org.openqa.selenium.chrome.ChromeDriver" type="net.thucydides.core.webdriver.UnsupportedDriverException">Could not instantiate class org.openqa.selenium.chrome.ChromeDriver</error><system-err>Could not instantiate class org.openqa.selenium.chrome.ChromeDriver
com.tkmdpa.taf.steps.products_and_docs.PD_Steps.openPage(PD_Steps.java:14)
com.tkmdpa.taf.definitions.products_and_docs.PD_Definition.openPDPage(PD_Definition.java:15)
</system-err></testcase></testsuite>