<?xml version="1.0" encoding="UTF-8"?><testsuite errors="1" failures="0" name="Support  general terms of use" skipped="0" tests="1" time="1.84" timestamp="2017-12-361 12:39:01"><testcase name="(/support/terms-of-use/) Verification for general page's elements"><error message="Could not instantiate class org.openqa.selenium.chrome.ChromeDriver" type="net.thucydides.core.webdriver.UnsupportedDriverException">Could not instantiate class org.openqa.selenium.chrome.ChromeDriver</error><system-err>Could not instantiate class org.openqa.selenium.chrome.ChromeDriver
com.tkmdpa.taf.steps.support.Support_GeneralTermsOfUseSteps.openPage(Support_GeneralTermsOfUseSteps.java:14)
com.tkmdpa.taf.definitions.support.Support_GeneralTermsOfUseDefinition.givenOpenGeneralTermsOfUsePage(Support_GeneralTermsOfUseDefinition.java:15)
</system-err></testcase></testsuite>