<?xml version="1.0" encoding="UTF-8"?><testsuite errors="1" failures="0" name="User account" skipped="0" tests="1" time="1.45" timestamp="2017-12-361 12:36:07"><testcase name="(developer-acct.ticketmaster.com/user/1554/apps) Verification for general page's elements [2.2.3.4 Login - Password field - enter valid password]"><error message="Could not instantiate class org.openqa.selenium.chrome.ChromeDriver" type="net.thucydides.core.webdriver.UnsupportedDriverException">Could not instantiate class org.openqa.selenium.chrome.ChromeDriver</error><system-err>Could not instantiate class org.openqa.selenium.chrome.ChromeDriver
com.tkmdpa.taf.steps.site.HomePageSteps.openPage(HomePageSteps.java:16)
com.tkmdpa.taf.definitions.site.HomePageDefinition.openHomePage(HomePageDefinition.java:27)
</system-err></testcase></testsuite>