<?xml version="1.0" encoding="UTF-8"?><testsuite errors="1" failures="0" name="PD  widget  event discovery" skipped="0" tests="1" time="1.41" timestamp="2017-12-361 12:38:13"><testcase name="(/products-and-docs/widgets/event-discovery/) Verification for general page's elements"><error message="Could not instantiate class org.openqa.selenium.chrome.ChromeDriver" type="net.thucydides.core.webdriver.UnsupportedDriverException">Could not instantiate class org.openqa.selenium.chrome.ChromeDriver</error><system-err>Could not instantiate class org.openqa.selenium.chrome.ChromeDriver
com.tkmdpa.taf.steps.products_and_docs.PD_Widget_EventDiscoverySteps.openPage(PD_Widget_EventDiscoverySteps.java:19)
com.tkmdpa.taf.definitions.products_and_docs.PD_Widget_EventDiscoveryDefinition.openEventDiscoveryWidgetPage(PD_Widget_EventDiscoveryDefinition.java:28)
</system-err></testcase></testsuite>