<?xml version="1.0" encoding="UTF-8"?><testsuite errors="1" failures="0" name="Support" skipped="0" tests="1" time="1.29" timestamp="2017-12-361 12:38:53"><testcase name="(/support/) Verification for general page's elements"><error message="Could not instantiate class org.openqa.selenium.chrome.ChromeDriver" type="net.thucydides.core.webdriver.UnsupportedDriverException">Could not instantiate class org.openqa.selenium.chrome.ChromeDriver</error><system-err>Could not instantiate class org.openqa.selenium.chrome.ChromeDriver
com.tkmdpa.taf.steps.support.SupportSteps.openPage(SupportSteps.java:14)
com.tkmdpa.taf.definitions.support.SupportDefinition.openSupportPage(SupportDefinition.java:15)
</system-err></testcase></testsuite>