<?xml version="1.0" encoding="UTF-8"?><testsuite errors="1" failures="0" name="PD  international discovery API" skipped="0" tests="1" time="1.55" timestamp="2017-12-361 12:37:16"><testcase name="(/products-and-docs/apis/international-discovery/) Verification for general page's elements"><error message="Could not instantiate class org.openqa.selenium.chrome.ChromeDriver" type="net.thucydides.core.webdriver.UnsupportedDriverException">Could not instantiate class org.openqa.selenium.chrome.ChromeDriver</error><system-err>Could not instantiate class org.openqa.selenium.chrome.ChromeDriver
com.tkmdpa.taf.steps.products_and_docs.PD_InternationalDiscoveryAPISteps.openPage(PD_InternationalDiscoveryAPISteps.java:21)
com.tkmdpa.taf.definitions.products_and_docs.PD_InternationalDiscoveryAPIDefinition.openInternationalDiscoveryAPIPage(PD_InternationalDiscoveryAPIDefinition.java:28)
</system-err></testcase></testsuite>