<?xml version="1.0" encoding="UTF-8"?><testsuite errors="1" failures="0" name="PD  discovery apiv2" skipped="0" tests="1" time="1.38" timestamp="2017-12-361 12:37:12"><testcase name="(/products-and-docs/apis/discovery/v2/) Verification for general page's elements"><error message="Could not instantiate class org.openqa.selenium.chrome.ChromeDriver" type="net.thucydides.core.webdriver.UnsupportedDriverException">Could not instantiate class org.openqa.selenium.chrome.ChromeDriver</error><system-err>Could not instantiate class org.openqa.selenium.chrome.ChromeDriver
com.tkmdpa.taf.steps.products_and_docs.PD_DiscoveryAPIv2Steps.openPage(PD_DiscoveryAPIv2Steps.java:22)
com.tkmdpa.taf.definitions.products_and_docs.PD_DiscoveryAPIv2Definition.openDiscoveryAPIv2Page(PD_DiscoveryAPIv2Definition.java:28)
</system-err></testcase></testsuite>