<?xml version="1.0" encoding="UTF-8"?><testsuite errors="1" failures="0" name="PD  tutorials  event search  search event with discovery API" skipped="0" tests="1" time="1.42" timestamp="2017-12-361 12:38:01"><testcase name="(/products-and-docs/tutorials/events-search/search_events_with_discovery_api_html) Verification for general page's elements"><error message="Could not instantiate class org.openqa.selenium.chrome.ChromeDriver" type="net.thucydides.core.webdriver.UnsupportedDriverException">Could not instantiate class org.openqa.selenium.chrome.ChromeDriver</error><system-err>Could not instantiate class org.openqa.selenium.chrome.ChromeDriver
com.tkmdpa.taf.steps.products_and_docs.PD_Tutorials_EventSearch_SearchEventWithDiscoveryAPISteps.openPage(PD_Tutorials_EventSearch_SearchEventWithDiscoveryAPISteps.java:14)
com.tkmdpa.taf.definitions.products_and_docs.PD_Tutorials_EventSearch_SearchEventWithDiscoveryAPIDefinition.openTutorialsEventSearchEventWithDiscoveryAPIPage(PD_Tutorials_EventSearch_SearchEventWithDiscoveryAPIDefinition.java:15)
</system-err></testcase></testsuite>