<?xml version="1.0" encoding="UTF-8"?><testsuite errors="1" failures="0" name="PD  tutorials  widgets  event discovery widget" skipped="0" tests="1" time="1.94" timestamp="2017-12-361 12:38:08"><testcase name="(/products-and-docs/tutorials/widgets/Event_Discovery_Widget_html) Verification for general page's elements"><error message="Could not instantiate class org.openqa.selenium.chrome.ChromeDriver" type="net.thucydides.core.webdriver.UnsupportedDriverException">Could not instantiate class org.openqa.selenium.chrome.ChromeDriver</error><system-err>Could not instantiate class org.openqa.selenium.chrome.ChromeDriver
com.tkmdpa.taf.steps.products_and_docs.PD_Tutorials_Widgets_EventDiscoveryWidgetSteps.openPage(PD_Tutorials_Widgets_EventDiscoveryWidgetSteps.java:14)
com.tkmdpa.taf.definitions.products_and_docs.PD_Tutorials_Widgets_EventDiscoveryWidgetDefinition.openTutorialsWidgetsEventDiscoveryWidgetPage(PD_Tutorials_Widgets_EventDiscoveryWidgetDefinition.java:15)
</system-err></testcase></testsuite>